# JRE version: OpenJDK Runtime Environment (11.0.10) (build 11.0.10+0-b96-7249189)
# Java VM: OpenJDK 64-Bit Server VM (11.0.10+0-b96-7249189, mixed mode, tiered, compressed oops, g1 gc, windows-amd64)
Heap:
 garbage-first heap   total 172032K, used 132930K [0x0000000080000000, 0x0000000100000000)
  region size 1024K, 41 young (41984K), 6 survivors (6144K)
 Metaspace       used 91409K, capacity 93672K, committed 93900K, reserved 1130496K
  class space    used 11839K, capacity 12663K, committed 12748K, reserved 1048576K
GC Heap History (20 events):
Event: 23.117 GC heap before
{Heap before GC invocations=22 (full 0):
 garbage-first heap   total 118784K, used 95802K [0x0000000080000000, 0x0000000100000000)
  region size 1024K, 35 young (35840K), 3 survivors (3072K)
 Metaspace       used 74028K, capacity 75651K, committed 75852K, reserved 1114112K
  class space    used 9606K, capacity 10229K, committed 10316K, reserved 1048576K
}
Event: 23.133 GC heap after
{Heap after GC invocations=23 (full 0):
 garbage-first heap   total 118784K, used 64622K [0x0000000080000000, 0x0000000100000000)
  region size 1024K, 4 young (4096K), 4 survivors (4096K)
 Metaspace       used 74028K, capacity 75651K, committed 75852K, reserved 1114112K
  class space    used 9606K, capacity 10229K, committed 10316K, reserved 1048576K
}
Event: 24.223 GC heap before
{Heap before GC invocations=24 (full 0):
 garbage-first heap   total 118784K, used 97390K [0x0000000080000000, 0x0000000100000000)
  region size 1024K, 36 young (36864K), 4 survivors (4096K)
 Metaspace       used 77684K, capacity 79564K, committed 79692K, reserved 1118208K
  class space    used 10118K, capacity 10790K, committed 10828K, reserved 1048576K
}
Event: 24.234 GC heap after
{Heap after GC invocations=25 (full 0):
 garbage-first heap   total 118784K, used 66786K [0x0000000080000000, 0x0000000100000000)
  region size 1024K, 5 young (5120K), 5 survivors (5120K)
 Metaspace       used 77684K, capacity 79564K, committed 79692K, reserved 1118208K
  class space    used 10118K, capacity 10790K, committed 10828K, reserved 1048576K
}
Event: 25.266 GC heap before
{Heap before GC invocations=25 (full 0):
 garbage-first heap   total 118784K, used 97506K [0x0000000080000000, 0x0000000100000000)
  region size 1024K, 35 young (35840K), 5 survivors (5120K)
 Metaspace       used 79998K, capacity 81871K, committed 81996K, reserved 1120256K
  class space    used 10428K, capacity 11072K, committed 11084K, reserved 1048576K
}
Event: 25.285 GC heap after
{Heap after GC invocations=26 (full 0):
 garbage-first heap   total 118784K, used 69268K [0x0000000080000000, 0x0000000100000000)
  region size 1024K, 5 young (5120K), 5 survivors (5120K)
 Metaspace       used 79998K, capacity 81871K, committed 81996K, reserved 1120256K
  class space    used 10428K, capacity 11072K, committed 11084K, reserved 1048576K
}
Event: 26.336 GC heap before
{Heap before GC invocations=27 (full 0):
 garbage-first heap   total 118784K, used 97940K [0x0000000080000000, 0x0000000100000000)
  region size 1024K, 34 young (34816K), 5 survivors (5120K)
 Metaspace       used 81652K, capacity 83922K, committed 84044K, reserved 1122304K
  class space    used 10715K, capacity 11538K, committed 11596K, reserved 1048576K
}
Event: 26.353 GC heap after
{Heap after GC invocations=28 (full 0):
 garbage-first heap   total 143360K, used 72169K [0x0000000080000000, 0x0000000100000000)
  region size 1024K, 5 young (5120K), 5 survivors (5120K)
 Metaspace       used 81652K, capacity 83922K, committed 84044K, reserved 1122304K
  class space    used 10715K, capacity 11538K, committed 11596K, reserved 1048576K
}
Event: 27.536 GC heap before
{Heap before GC invocations=28 (full 0):
 garbage-first heap   total 143360K, used 111081K [0x0000000080000000, 0x0000000100000000)
  region size 1024K, 44 young (45056K), 5 survivors (5120K)
 Metaspace       used 82031K, capacity 84254K, committed 84300K, reserved 1122304K
  class space    used 10727K, capacity 11551K, committed 11596K, reserved 1048576K
}
Event: 27.555 GC heap after
{Heap after GC invocations=29 (full 0):
 garbage-first heap   total 143360K, used 75831K [0x0000000080000000, 0x0000000100000000)
  region size 1024K, 6 young (6144K), 6 survivors (6144K)
 Metaspace       used 82031K, capacity 84254K, committed 84300K, reserved 1122304K
  class space    used 10727K, capacity 11551K, committed 11596K, reserved 1048576K
}
Event: 28.143 GC heap before
{Heap before GC invocations=30 (full 0):
 garbage-first heap   total 143360K, used 112695K [0x0000000080000000, 0x0000000100000000)
  region size 1024K, 43 young (44032K), 6 survivors (6144K)
 Metaspace       used 82482K, capacity 84760K, committed 84940K, reserved 1122304K
  class space    used 10773K, capacity 11603K, committed 11724K, reserved 1048576K
}
Event: 28.157 GC heap after
{Heap after GC invocations=31 (full 0):
 garbage-first heap   total 143360K, used 78210K [0x0000000080000000, 0x0000000100000000)
  region size 1024K, 4 young (4096K), 4 survivors (4096K)
 Metaspace       used 82482K, capacity 84760K, committed 84940K, reserved 1122304K
  class space    used 10773K, capacity 11603K, committed 11724K, reserved 1048576K
}
Event: 29.003 GC heap before
{Heap before GC invocations=31 (full 0):
 garbage-first heap   total 143360K, used 114050K [0x0000000080000000, 0x0000000100000000)
  region size 1024K, 40 young (40960K), 4 survivors (4096K)
 Metaspace       used 84435K, capacity 86646K, committed 86860K, reserved 1124352K
  class space    used 10962K, capacity 11798K, committed 11852K, reserved 1048576K
}
Event: 29.021 GC heap after
{Heap after GC invocations=32 (full 0):
 garbage-first heap   total 143360K, used 80592K [0x0000000080000000, 0x0000000100000000)
  region size 1024K, 3 young (3072K), 3 survivors (3072K)
 Metaspace       used 84435K, capacity 86646K, committed 86860K, reserved 1124352K
  class space    used 10962K, capacity 11798K, committed 11852K, reserved 1048576K
}
Event: 30.323 GC heap before
{Heap before GC invocations=33 (full 0):
 garbage-first heap   total 143360K, used 116432K [0x0000000080000000, 0x0000000100000000)
  region size 1024K, 39 young (39936K), 3 survivors (3072K)
 Metaspace       used 86109K, capacity 88254K, committed 88908K, reserved 1126400K
  class space    used 11129K, capacity 11893K, committed 12108K, reserved 1048576K
}
Event: 30.336 GC heap after
{Heap after GC invocations=34 (full 0):
 garbage-first heap   total 172032K, used 82514K [0x0000000080000000, 0x0000000100000000)
  region size 1024K, 5 young (5120K), 5 survivors (5120K)
 Metaspace       used 86109K, capacity 88254K, committed 88908K, reserved 1126400K
  class space    used 11129K, capacity 11893K, committed 12108K, reserved 1048576K
}
Event: 30.605 GC heap before
{Heap before GC invocations=34 (full 0):
 garbage-first heap   total 172032K, used 126546K [0x0000000080000000, 0x0000000100000000)
  region size 1024K, 50 young (51200K), 5 survivors (5120K)
 Metaspace       used 87849K, capacity 89996K, committed 90444K, reserved 1128448K
  class space    used 11359K, capacity 12131K, committed 12364K, reserved 1048576K
}
Event: 30.618 GC heap after
{Heap after GC invocations=35 (full 0):
 garbage-first heap   total 172032K, used 92399K [0x0000000080000000, 0x0000000100000000)
  region size 1024K, 7 young (7168K), 7 survivors (7168K)
 Metaspace       used 87849K, capacity 89996K, committed 90444K, reserved 1128448K
  class space    used 11359K, capacity 12131K, committed 12364K, reserved 1048576K
}
Event: 30.926 GC heap before
{Heap before GC invocations=36 (full 0):
 garbage-first heap   total 172032K, used 135407K [0x0000000080000000, 0x0000000100000000)
  region size 1024K, 48 young (49152K), 7 survivors (7168K)
 Metaspace       used 89279K, capacity 91442K, committed 91852K, reserved 1128448K
  class space    used 11551K, capacity 12339K, committed 12492K, reserved 1048576K
}
Event: 30.936 GC heap after
{Heap after GC invocations=37 (full 0):
 garbage-first heap   total 172032K, used 99138K [0x0000000080000000, 0x0000000100000000)
  region size 1024K, 6 young (6144K), 6 survivors (6144K)
 Metaspace       used 89279K, capacity 91442K, committed 91852K, reserved 1128448K
  class space    used 11551K, capacity 12339K, committed 12492K, reserved 1048576K
}

