# JRE version: OpenJDK Runtime Environment (11.0.10) (build 11.0.10+0-b96-7249189)
# Java VM: OpenJDK 64-Bit Server VM (11.0.10+0-b96-7249189, mixed mode, tiered, compressed oops, g1 gc, windows-amd64)
Heap:
 garbage-first heap   total 188416K, used 96103K [0x0000000080000000, 0x0000000100000000)
  region size 1024K, 4 young (4096K), 4 survivors (4096K)
 Metaspace       used 88134K, capacity 90346K, committed 90572K, reserved 1128448K
  class space    used 11426K, capacity 12207K, committed 12236K, reserved 1048576K
GC Heap History (20 events):
Event: 34.789 GC heap after
{Heap after GC invocations=50 (full 0):
 garbage-first heap   total 98304K, used 79099K [0x0000000080000000, 0x0000000100000000)
  region size 1024K, 1 young (1024K), 1 survivors (1024K)
 Metaspace       used 82218K, capacity 84216K, committed 84556K, reserved 1122304K
  class space    used 10693K, capacity 11462K, committed 11596K, reserved 1048576K
}
Event: 34.813 GC heap before
{Heap before GC invocations=50 (full 0):
 garbage-first heap   total 98304K, used 82171K [0x0000000080000000, 0x0000000100000000)
  region size 1024K, 4 young (4096K), 1 survivors (1024K)
 Metaspace       used 82225K, capacity 84216K, committed 84556K, reserved 1122304K
  class space    used 10693K, capacity 11462K, committed 11596K, reserved 1048576K
}
Event: 34.816 GC heap after
{Heap after GC invocations=51 (full 0):
 garbage-first heap   total 98304K, used 79173K [0x0000000080000000, 0x0000000100000000)
  region size 1024K, 1 young (1024K), 1 survivors (1024K)
 Metaspace       used 82225K, capacity 84216K, committed 84556K, reserved 1122304K
  class space    used 10693K, capacity 11462K, committed 11596K, reserved 1048576K
}
Event: 34.853 GC heap before
{Heap before GC invocations=51 (full 0):
 garbage-first heap   total 98304K, used 83269K [0x0000000080000000, 0x0000000100000000)
  region size 1024K, 6 young (6144K), 1 survivors (1024K)
 Metaspace       used 82226K, capacity 84216K, committed 84556K, reserved 1122304K
  class space    used 10693K, capacity 11462K, committed 11596K, reserved 1048576K
}
Event: 34.858 GC heap after
{Heap after GC invocations=52 (full 0):
 garbage-first heap   total 118784K, used 80169K [0x0000000080000000, 0x0000000100000000)
  region size 1024K, 1 young (1024K), 1 survivors (1024K)
 Metaspace       used 82226K, capacity 84216K, committed 84556K, reserved 1122304K
  class space    used 10693K, capacity 11462K, committed 11596K, reserved 1048576K
}
Event: 35.185 GC heap before
{Heap before GC invocations=53 (full 0):
 garbage-first heap   total 118784K, used 93481K [0x0000000080000000, 0x0000000100000000)
  region size 1024K, 14 young (14336K), 1 survivors (1024K)
 Metaspace       used 82342K, capacity 84361K, committed 84556K, reserved 1122304K
  class space    used 10694K, capacity 11462K, committed 11596K, reserved 1048576K
}
Event: 35.188 GC heap after
{Heap after GC invocations=54 (full 0):
 garbage-first heap   total 118784K, used 81143K [0x0000000080000000, 0x0000000100000000)
  region size 1024K, 2 young (2048K), 2 survivors (2048K)
 Metaspace       used 82342K, capacity 84361K, committed 84556K, reserved 1122304K
  class space    used 10694K, capacity 11462K, committed 11596K, reserved 1048576K
}
Event: 35.266 GC heap before
{Heap before GC invocations=54 (full 0):
 garbage-first heap   total 118784K, used 84215K [0x0000000080000000, 0x0000000100000000)
  region size 1024K, 5 young (5120K), 2 survivors (2048K)
 Metaspace       used 82473K, capacity 84524K, committed 84812K, reserved 1122304K
  class space    used 10703K, capacity 11469K, committed 11596K, reserved 1048576K
}
Event: 35.268 GC heap after
{Heap after GC invocations=55 (full 0):
 garbage-first heap   total 118784K, used 80777K [0x0000000080000000, 0x0000000100000000)
  region size 1024K, 1 young (1024K), 1 survivors (1024K)
 Metaspace       used 82473K, capacity 84524K, committed 84812K, reserved 1122304K
  class space    used 10703K, capacity 11469K, committed 11596K, reserved 1048576K
}
Event: 35.402 GC heap before
{Heap before GC invocations=55 (full 0):
 garbage-first heap   total 118784K, used 93065K [0x0000000080000000, 0x0000000100000000)
  region size 1024K, 14 young (14336K), 1 survivors (1024K)
 Metaspace       used 83629K, capacity 85689K, committed 85836K, reserved 1124352K
  class space    used 10801K, capacity 11561K, committed 11596K, reserved 1048576K
}
Event: 35.407 GC heap after
{Heap after GC invocations=56 (full 0):
 garbage-first heap   total 118784K, used 81434K [0x0000000080000000, 0x0000000100000000)
  region size 1024K, 2 young (2048K), 2 survivors (2048K)
 Metaspace       used 83629K, capacity 85689K, committed 85836K, reserved 1124352K
  class space    used 10801K, capacity 11561K, committed 11596K, reserved 1048576K
}
Event: 35.568 GC heap before
{Heap before GC invocations=56 (full 0):
 garbage-first heap   total 118784K, used 94746K [0x0000000080000000, 0x0000000100000000)
  region size 1024K, 16 young (16384K), 2 survivors (2048K)
 Metaspace       used 84099K, capacity 86139K, committed 86476K, reserved 1124352K
  class space    used 10865K, capacity 11625K, committed 11724K, reserved 1048576K
}
Event: 35.572 GC heap after
{Heap after GC invocations=57 (full 0):
 garbage-first heap   total 143360K, used 82272K [0x0000000080000000, 0x0000000100000000)
  region size 1024K, 2 young (2048K), 2 survivors (2048K)
 Metaspace       used 84099K, capacity 86139K, committed 86476K, reserved 1124352K
  class space    used 10865K, capacity 11625K, committed 11724K, reserved 1048576K
}
Event: 35.845 GC heap before
{Heap before GC invocations=58 (full 0):
 garbage-first heap   total 143360K, used 105824K [0x0000000080000000, 0x0000000100000000)
  region size 1024K, 26 young (26624K), 2 survivors (2048K)
 Metaspace       used 84974K, capacity 87023K, committed 87116K, reserved 1124352K
  class space    used 10984K, capacity 11762K, committed 11852K, reserved 1048576K
}
Event: 35.849 GC heap after
{Heap after GC invocations=59 (full 0):
 garbage-first heap   total 143360K, used 83660K [0x0000000080000000, 0x0000000100000000)
  region size 1024K, 3 young (3072K), 3 survivors (3072K)
 Metaspace       used 84974K, capacity 87023K, committed 87116K, reserved 1124352K
  class space    used 10984K, capacity 11762K, committed 11852K, reserved 1048576K
}
Event: 36.101 GC heap before
{Heap before GC invocations=59 (full 0):
 garbage-first heap   total 143360K, used 108236K [0x0000000080000000, 0x0000000100000000)
  region size 1024K, 28 young (28672K), 3 survivors (3072K)
 Metaspace       used 86662K, capacity 88852K, committed 89164K, reserved 1126400K
  class space    used 11223K, capacity 12007K, committed 12108K, reserved 1048576K
}
Event: 36.108 GC heap after
{Heap after GC invocations=60 (full 0):
 garbage-first heap   total 143360K, used 87340K [0x0000000080000000, 0x0000000100000000)
  region size 1024K, 4 young (4096K), 4 survivors (4096K)
 Metaspace       used 86662K, capacity 88852K, committed 89164K, reserved 1126400K
  class space    used 11223K, capacity 12007K, committed 12108K, reserved 1048576K
}
Event: 36.223 GC heap before
{Heap before GC invocations=60 (full 0):
 garbage-first heap   total 143360K, used 110892K [0x0000000080000000, 0x0000000100000000)
  region size 1024K, 28 young (28672K), 4 survivors (4096K)
 Metaspace       used 87355K, capacity 89525K, committed 89804K, reserved 1126400K
  class space    used 11321K, capacity 12103K, committed 12236K, reserved 1048576K
}
Event: 36.231 GC heap after
{Heap after GC invocations=61 (full 0):
 garbage-first heap   total 143360K, used 92296K [0x0000000080000000, 0x0000000100000000)
  region size 1024K, 4 young (4096K), 4 survivors (4096K)
 Metaspace       used 87355K, capacity 89525K, committed 89804K, reserved 1126400K
  class space    used 11321K, capacity 12103K, committed 12236K, reserved 1048576K
}
Event: 36.361 GC heap before
{Heap before GC invocations=61 (full 0):
 garbage-first heap   total 143360K, used 115848K [0x0000000080000000, 0x0000000100000000)
  region size 1024K, 26 young (26624K), 4 survivors (4096K)
 Metaspace       used 88134K, capacity 90346K, committed 90572K, reserved 1128448K
  class space    used 11426K, capacity 12207K, committed 12236K, reserved 1048576K
}

