# JRE version: OpenJDK Runtime Environment (11.0.10) (build 11.0.10+0-b96-7249189)
# Java VM: OpenJDK 64-Bit Server VM (11.0.10+0-b96-7249189, mixed mode, tiered, compressed oops, g1 gc, windows-amd64)
Heap:
 garbage-first heap   total 465920K, used 140768K [0x0000000080000000, 0x0000000100000000)
  region size 1024K, 9 young (9216K), 9 survivors (9216K)
 Metaspace       used 103199K, capacity 105781K, committed 106060K, reserved 1140736K
  class space    used 12918K, capacity 13870K, committed 13900K, reserved 1048576K
GC Heap History (20 events):
Event: 44.844 GC heap after
{Heap after GC invocations=60 (full 0):
 garbage-first heap   total 241664K, used 111173K [0x0000000080000000, 0x0000000100000000)
  region size 1024K, 4 young (4096K), 4 survivors (4096K)
 Metaspace       used 87423K, capacity 89535K, committed 89804K, reserved 1126400K
  class space    used 11133K, capacity 11905K, committed 11980K, reserved 1048576K
}
Event: 45.546 GC heap before
{Heap before GC invocations=60 (full 0):
 garbage-first heap   total 241664K, used 158277K [0x0000000080000000, 0x0000000100000000)
  region size 1024K, 50 young (51200K), 4 survivors (4096K)
 Metaspace       used 89792K, capacity 91881K, committed 92364K, reserved 1130496K
  class space    used 11310K, capacity 12065K, committed 12236K, reserved 1048576K
}
Event: 45.555 GC heap after
{Heap after GC invocations=61 (full 0):
 garbage-first heap   total 241664K, used 113153K [0x0000000080000000, 0x0000000100000000)
  region size 1024K, 3 young (3072K), 3 survivors (3072K)
 Metaspace       used 89792K, capacity 91881K, committed 92364K, reserved 1130496K
  class space    used 11310K, capacity 12065K, committed 12236K, reserved 1048576K
}
Event: 46.230 GC heap before
{Heap before GC invocations=61 (full 0):
 garbage-first heap   total 241664K, used 162305K [0x0000000080000000, 0x0000000100000000)
  region size 1024K, 52 young (53248K), 3 survivors (3072K)
 Metaspace       used 90552K, capacity 92653K, committed 92876K, reserved 1130496K
  class space    used 11377K, capacity 12129K, committed 12236K, reserved 1048576K
}
Event: 46.237 GC heap after
{Heap after GC invocations=62 (full 0):
 garbage-first heap   total 241664K, used 115415K [0x0000000080000000, 0x0000000100000000)
  region size 1024K, 5 young (5120K), 5 survivors (5120K)
 Metaspace       used 90552K, capacity 92653K, committed 92876K, reserved 1130496K
  class space    used 11377K, capacity 12129K, committed 12236K, reserved 1048576K
}
Event: 47.936 GC heap before
{Heap before GC invocations=63 (full 0):
 garbage-first heap   total 241664K, used 155351K [0x0000000080000000, 0x0000000100000000)
  region size 1024K, 58 young (59392K), 5 survivors (5120K)
 Metaspace       used 93317K, capacity 95526K, committed 95820K, reserved 1132544K
  class space    used 11723K, capacity 12526K, committed 12620K, reserved 1048576K
}
Event: 47.944 GC heap after
{Heap after GC invocations=64 (full 0):
 garbage-first heap   total 241664K, used 100192K [0x0000000080000000, 0x0000000100000000)
  region size 1024K, 3 young (3072K), 3 survivors (3072K)
 Metaspace       used 93317K, capacity 95526K, committed 95820K, reserved 1132544K
  class space    used 11723K, capacity 12526K, committed 12620K, reserved 1048576K
}
Event: 48.113 GC heap before
{Heap before GC invocations=64 (full 0):
 garbage-first heap   total 241664K, used 108384K [0x0000000080000000, 0x0000000100000000)
  region size 1024K, 11 young (11264K), 3 survivors (3072K)
 Metaspace       used 93859K, capacity 96102K, committed 96460K, reserved 1132544K
  class space    used 11796K, capacity 12590K, committed 12748K, reserved 1048576K
}
Event: 48.122 GC heap after
{Heap after GC invocations=65 (full 0):
 garbage-first heap   total 241664K, used 87862K [0x0000000080000000, 0x0000000100000000)
  region size 1024K, 2 young (2048K), 2 survivors (2048K)
 Metaspace       used 93859K, capacity 96102K, committed 96460K, reserved 1132544K
  class space    used 11796K, capacity 12590K, committed 12748K, reserved 1048576K
}
Event: 51.108 GC heap before
{Heap before GC invocations=65 (full 0):
 garbage-first heap   total 241664K, used 159542K [0x0000000080000000, 0x0000000100000000)
  region size 1024K, 73 young (74752K), 2 survivors (2048K)
 Metaspace       used 95326K, capacity 97481K, committed 97740K, reserved 1134592K
  class space    used 11915K, capacity 12710K, committed 12748K, reserved 1048576K
}
Event: 51.127 GC heap after
{Heap after GC invocations=66 (full 0):
 garbage-first heap   total 241664K, used 91030K [0x0000000080000000, 0x0000000100000000)
  region size 1024K, 5 young (5120K), 5 survivors (5120K)
 Metaspace       used 95326K, capacity 97481K, committed 97740K, reserved 1134592K
  class space    used 11915K, capacity 12710K, committed 12748K, reserved 1048576K
}
Event: 55.926 GC heap before
{Heap before GC invocations=66 (full 0):
 garbage-first heap   total 241664K, used 173974K [0x0000000080000000, 0x0000000100000000)
  region size 1024K, 87 young (89088K), 5 survivors (5120K)
 Metaspace       used 96116K, capacity 98284K, committed 98636K, reserved 1134592K
  class space    used 11968K, capacity 12758K, committed 12876K, reserved 1048576K
}
Event: 55.939 GC heap after
{Heap after GC invocations=67 (full 0):
 garbage-first heap   total 241664K, used 92824K [0x0000000080000000, 0x0000000100000000)
  region size 1024K, 7 young (7168K), 7 survivors (7168K)
 Metaspace       used 96116K, capacity 98284K, committed 98636K, reserved 1134592K
  class space    used 11968K, capacity 12758K, committed 12876K, reserved 1048576K
}
Event: 59.701 GC heap before
{Heap before GC invocations=67 (full 0):
 garbage-first heap   total 241664K, used 182936K [0x0000000080000000, 0x0000000100000000)
  region size 1024K, 96 young (98304K), 7 survivors (7168K)
 Metaspace       used 97754K, capacity 100062K, committed 100300K, reserved 1136640K
  class space    used 12148K, capacity 12983K, committed 13004K, reserved 1048576K
}
Event: 59.746 GC heap after
{Heap after GC invocations=68 (full 0):
 garbage-first heap   total 241664K, used 99799K [0x0000000080000000, 0x0000000100000000)
  region size 1024K, 12 young (12288K), 12 survivors (12288K)
 Metaspace       used 97754K, capacity 100062K, committed 100300K, reserved 1136640K
  class space    used 12148K, capacity 12983K, committed 13004K, reserved 1048576K
}
Event: 60.387 GC heap before
{Heap before GC invocations=68 (full 0):
 garbage-first heap   total 241664K, used 188887K [0x0000000080000000, 0x0000000100000000)
  region size 1024K, 98 young (100352K), 12 survivors (12288K)
 Metaspace       used 100864K, capacity 103316K, committed 103500K, reserved 1138688K
  class space    used 12606K, capacity 13529K, committed 13644K, reserved 1048576K
}
Event: 60.864 GC heap after
{Heap after GC invocations=69 (full 0):
 garbage-first heap   total 241664K, used 119234K [0x0000000080000000, 0x0000000100000000)
  region size 1024K, 13 young (13312K), 13 survivors (13312K)
 Metaspace       used 100864K, capacity 103316K, committed 103500K, reserved 1138688K
  class space    used 12606K, capacity 13529K, committed 13644K, reserved 1048576K
}
Event: 61.217 GC heap before
{Heap before GC invocations=69 (full 0):
 garbage-first heap   total 241664K, used 184770K [0x0000000080000000, 0x0000000100000000)
  region size 1024K, 78 young (79872K), 13 survivors (13312K)
 Metaspace       used 102333K, capacity 104845K, committed 104908K, reserved 1140736K
  class space    used 12812K, capacity 13737K, committed 13772K, reserved 1048576K
}
Event: 61.261 GC heap after
{Heap after GC invocations=70 (full 0):
 garbage-first heap   total 241664K, used 127628K [0x0000000080000000, 0x0000000100000000)
  region size 1024K, 10 young (10240K), 10 survivors (10240K)
 Metaspace       used 102333K, capacity 104845K, committed 104908K, reserved 1140736K
  class space    used 12812K, capacity 13737K, committed 13772K, reserved 1048576K
}
Event: 61.435 GC heap before
{Heap before GC invocations=70 (full 0):
 garbage-first heap   total 241664K, used 187020K [0x0000000080000000, 0x0000000100000000)
  region size 1024K, 68 young (69632K), 10 survivors (10240K)
 Metaspace       used 103199K, capacity 105781K, committed 106060K, reserved 1140736K
  class space    used 12918K, capacity 13870K, committed 13900K, reserved 1048576K
}

